Traceback (most recent call last):
  File "/home/runner/work/ben-docs/ben-docs/.venv/lib/python3.8/site-packages/jupyter_cache/executors/utils.py", line 58, in single_nb_execution
    executenb(
  File "/home/runner/work/ben-docs/ben-docs/.venv/lib/python3.8/site-packages/nbclient/client.py", line 1204, in execute
    return NotebookClient(nb=nb, resources=resources, km=km, **kwargs).execute()
  File "/home/runner/work/ben-docs/ben-docs/.venv/lib/python3.8/site-packages/nbclient/util.py", line 84, in wrapped
    return just_run(coro(*args, **kwargs))
  File "/home/runner/work/ben-docs/ben-docs/.venv/lib/python3.8/site-packages/nbclient/util.py", line 62, in just_run
    return loop.run_until_complete(coro)
  File "/opt/hostedtoolcache/Python/3.8.12/x64/lib/python3.8/asyncio/base_events.py", line 616, in run_until_complete
    return future.result()
  File "/home/runner/work/ben-docs/ben-docs/.venv/lib/python3.8/site-packages/nbclient/client.py", line 663, in async_execute
    await self.async_execute_cell(
  File "/home/runner/work/ben-docs/ben-docs/.venv/lib/python3.8/site-packages/nbclient/client.py", line 965, in async_execute_cell
    await self._check_raise_for_error(cell, cell_index, exec_reply)
  File "/home/runner/work/ben-docs/ben-docs/.venv/lib/python3.8/site-packages/nbclient/client.py", line 862, in _check_raise_for_error
    raise CellExecutionError.from_cell_and_msg(cell, exec_reply_content)
nbclient.exceptions.CellExecutionError: An error occurred while executing the following cell:
------------------
from myst_nb.glue import glue

import bigearthnet_common.constants as ben_constants

for b in ben_constants.BEN_CHANNELS:
    band_data = s2_patch.get_band_data_by_name(b)
    _imshow_no_axis(band_data)
    glue(f"s2_{b}", plt.gcf(), display=False)
    plt.close()
------------------

[0;31m---------------------------------------------------------------------------[0m
[0;31mModuleNotFoundError[0m                       Traceback (most recent call last)
Input [0;32mIn [6][0m, in [0;36m<cell line: 1>[0;34m()[0m
[0;32m----> 1[0m [38;5;28;01mfrom[39;00m [38;5;21;01mmyst_nb[39;00m[38;5;21;01m.[39;00m[38;5;21;01mglue[39;00m [38;5;28;01mimport[39;00m glue
[1;32m      3[0m [38;5;28;01mimport[39;00m [38;5;21;01mbigearthnet_common[39;00m[38;5;21;01m.[39;00m[38;5;21;01mconstants[39;00m [38;5;28;01mas[39;00m [38;5;21;01mben_constants[39;00m
[1;32m      5[0m [38;5;28;01mfor[39;00m b [38;5;129;01min[39;00m ben_constants[38;5;241m.[39mBEN_CHANNELS:

[0;31mModuleNotFoundError[0m: No module named 'myst_nb.glue'
ModuleNotFoundError: No module named 'myst_nb.glue'

